2021-03-06 08:32:59,580 ------------------------------------------------------------------------------
2021-03-06 08:32:59,582 >>> start
2021-03-06 08:32:59,583 >>> Marlin: Virtual Marlin!
2021-03-06 08:32:59,583 >>> 
2021-03-06 08:32:59,583 >>> SD card ok
2021-03-06 08:32:59,584 <<< N0 M110 N0*125

2021-03-06 08:32:59,584 >>> ok
2021-03-06 08:32:59,584 <<< N0 M110 N0*125

2021-03-06 08:32:59,585 >>> ok
2021-03-06 08:32:59,586 <<< N0 M110 N0*125

2021-03-06 08:32:59,586 >>> ok
2021-03-06 08:32:59,586 <<< N0 M110 N0*125

2021-03-06 08:32:59,586 >>> ok
2021-03-06 08:32:59,586 <<< N1 M115*39

2021-03-06 08:32:59,586 >>> FIRMWARE_NAME:Virtual Marlin 1.0 PROTOCOL_VERSION:1.0
2021-03-06 08:32:59,587 >>> Cap:AUTOREPORT_TEMP:1
2021-03-06 08:32:59,587 >>> Cap:AUTOREPORT_SD_STATUS:1
2021-03-06 08:32:59,587 >>> Cap:EMERGENCY_PARSER:1
2021-03-06 08:32:59,587 >>> ok
2021-03-06 08:32:59,587 <<< M20

2021-03-06 08:32:59,588 >>> Begin file list
2021-03-06 08:32:59,588 >>> End file list
2021-03-06 08:32:59,588 >>> ok
2021-03-06 08:32:59,588 <<< M155 S2

2021-03-06 08:32:59,589 >>> ok
2021-03-06 08:32:59,589 <<< M27 S1

2021-03-06 08:32:59,589 >>> Not SD printing
2021-03-06 08:32:59,589 >>> ok
2021-03-06 08:33:00,590 >>> Not SD printing
2021-03-06 08:33:00,594 >>> wait
2021-03-06 08:33:01,590 >>> T:21.30 /0.00 B:21.30 /0.00 @:64
2021-03-06 08:33:01,590 >>> Not SD printing
2021-03-06 08:33:01,597 >>> wait
2021-03-06 08:33:02,590 >>> Not SD printing
2021-03-06 08:33:02,599 >>> wait
2021-03-06 08:33:03,590 >>> T:21.30 /0.00 B:21.30 /0.00 @:64
2021-03-06 08:33:03,590 >>> Not SD printing
2021-03-06 08:33:03,602 >>> wait
2021-03-06 08:33:07,006 ------------------------------------------------------------------------------
2021-03-06 08:33:07,006 ------------------------------------------------------------------------------
2021-03-06 08:33:07,009 >>> start
2021-03-06 08:33:07,009 >>> start
2021-03-06 08:33:07,009 >>> Marlin: Virtual Marlin!
2021-03-06 08:33:07,009 >>> Marlin: Virtual Marlin!
2021-03-06 08:33:07,009 >>> 
2021-03-06 08:33:07,009 >>> 
2021-03-06 08:33:07,010 >>> SD card ok
2021-03-06 08:33:07,010 >>> SD card ok
2021-03-06 08:33:07,010 <<< N0 M110 N0*125

2021-03-06 08:33:07,010 <<< N0 M110 N0*125

2021-03-06 08:33:07,010 >>> ok
2021-03-06 08:33:07,010 >>> ok
2021-03-06 08:33:07,010 <<< N0 M110 N0*125

2021-03-06 08:33:07,010 <<< N0 M110 N0*125

2021-03-06 08:33:07,011 >>> ok
2021-03-06 08:33:07,011 >>> ok
2021-03-06 08:33:07,012 <<< N0 M110 N0*125

2021-03-06 08:33:07,012 <<< N0 M110 N0*125

2021-03-06 08:33:07,012 >>> ok
2021-03-06 08:33:07,012 >>> ok
2021-03-06 08:33:07,012 <<< N0 M110 N0*125

2021-03-06 08:33:07,012 <<< N0 M110 N0*125

2021-03-06 08:33:07,012 >>> ok
2021-03-06 08:33:07,012 >>> ok
2021-03-06 08:33:07,013 <<< N1 M115*39

2021-03-06 08:33:07,013 <<< N1 M115*39

2021-03-06 08:33:07,013 >>> FIRMWARE_NAME:Virtual Marlin 1.0 PROTOCOL_VERSION:1.0
2021-03-06 08:33:07,013 >>> FIRMWARE_NAME:Virtual Marlin 1.0 PROTOCOL_VERSION:1.0
2021-03-06 08:33:07,013 >>> Cap:AUTOREPORT_TEMP:1
2021-03-06 08:33:07,013 >>> Cap:AUTOREPORT_TEMP:1
2021-03-06 08:33:07,013 >>> Cap:AUTOREPORT_SD_STATUS:1
2021-03-06 08:33:07,013 >>> Cap:AUTOREPORT_SD_STATUS:1
2021-03-06 08:33:07,014 >>> Cap:EMERGENCY_PARSER:1
2021-03-06 08:33:07,014 >>> Cap:EMERGENCY_PARSER:1
2021-03-06 08:33:07,014 >>> ok
2021-03-06 08:33:07,014 >>> ok
2021-03-06 08:33:07,014 <<< M20

2021-03-06 08:33:07,014 <<< M20

2021-03-06 08:33:07,015 >>> Begin file list
2021-03-06 08:33:07,015 >>> Begin file list
2021-03-06 08:33:07,015 >>> End file list
2021-03-06 08:33:07,015 >>> End file list
2021-03-06 08:33:07,015 >>> ok
2021-03-06 08:33:07,015 >>> ok
2021-03-06 08:33:07,015 <<< M155 S2

2021-03-06 08:33:07,015 <<< M155 S2

2021-03-06 08:33:07,015 >>> ok
2021-03-06 08:33:07,015 >>> ok
2021-03-06 08:33:07,016 <<< M27 S1

2021-03-06 08:33:07,016 <<< M27 S1

2021-03-06 08:33:07,016 >>> Not SD printing
2021-03-06 08:33:07,016 >>> Not SD printing
2021-03-06 08:33:07,016 >>> ok
2021-03-06 08:33:07,016 >>> ok
2021-03-06 08:33:08,016 >>> Not SD printing
2021-03-06 08:33:08,016 >>> Not SD printing
2021-03-06 08:33:08,020 >>> wait
2021-03-06 08:33:08,020 >>> wait
2021-03-06 08:33:09,016 >>> T:21.30 /0.00 B:21.30 /0.00 @:64
2021-03-06 08:33:09,016 >>> T:21.30 /0.00 B:21.30 /0.00 @:64
2021-03-06 08:33:09,016 >>> Not SD printing
2021-03-06 08:33:09,016 >>> Not SD printing
2021-03-06 08:33:09,022 >>> wait
2021-03-06 08:33:09,022 >>> wait
2021-03-06 08:33:10,016 >>> Not SD printing
2021-03-06 08:33:10,016 >>> Not SD printing
2021-03-06 08:33:10,027 >>> wait
2021-03-06 08:33:10,027 >>> wait
2021-03-06 08:33:11,016 >>> T:21.30 /0.00 B:21.30 /0.00 @:64
2021-03-06 08:33:11,016 >>> T:21.30 /0.00 B:21.30 /0.00 @:64
2021-03-06 08:33:11,017 >>> Not SD printing
2021-03-06 08:33:11,017 >>> Not SD printing
2021-03-06 08:33:11,030 >>> wait
2021-03-06 08:33:11,030 >>> wait
2021-03-06 08:33:12,017 >>> Not SD printing
2021-03-06 08:33:12,017 >>> Not SD printing
2021-03-06 08:33:12,031 >>> wait
2021-03-06 08:33:12,031 >>> wait
2021-03-06 08:33:13,017 >>> T:21.30 /0.00 B:21.30 /0.00 @:64
2021-03-06 08:33:13,017 >>> T:21.30 /0.00 B:21.30 /0.00 @:64
2021-03-06 08:33:13,017 >>> Not SD printing
2021-03-06 08:33:13,017 >>> Not SD printing
2021-03-06 08:33:13,033 >>> wait
2021-03-06 08:33:13,033 >>> wait
2021-03-06 08:33:14,017 >>> Not SD printing
2021-03-06 08:33:14,017 >>> Not SD printing
2021-03-06 08:33:14,034 >>> wait
2021-03-06 08:33:14,034 >>> wait
2021-03-06 08:33:15,017 >>> T:21.30 /0.00 B:21.30 /0.00 @:64
2021-03-06 08:33:15,017 >>> T:21.30 /0.00 B:21.30 /0.00 @:64
2021-03-06 08:33:15,017 >>> Not SD printing
2021-03-06 08:33:15,017 >>> Not SD printing
2021-03-06 08:33:15,037 >>> wait
2021-03-06 08:33:15,037 >>> wait
2021-03-06 08:33:16,018 >>> Not SD printing
2021-03-06 08:33:16,018 >>> Not SD printing
2021-03-06 08:33:16,039 >>> wait
2021-03-06 08:33:16,039 >>> wait
2021-03-06 08:33:17,017 >>> T:21.30 /0.00 B:21.30 /0.00 @:64
2021-03-06 08:33:17,017 >>> T:21.30 /0.00 B:21.30 /0.00 @:64
2021-03-06 08:33:17,018 >>> Not SD printing
2021-03-06 08:33:17,018 >>> Not SD printing
2021-03-06 08:33:17,040 >>> wait
2021-03-06 08:33:17,040 >>> wait
2021-03-06 08:33:18,021 >>> Not SD printing
2021-03-06 08:33:18,021 >>> Not SD printing
2021-03-06 08:33:18,042 >>> wait
2021-03-06 08:33:18,042 >>> wait
2021-03-06 08:33:19,018 >>> T:21.30 /0.00 B:21.30 /0.00 @:64
2021-03-06 08:33:19,018 >>> T:21.30 /0.00 B:21.30 /0.00 @:64
2021-03-06 08:33:19,021 >>> Not SD printing
2021-03-06 08:33:19,021 >>> Not SD printing
2021-03-06 08:33:19,044 >>> wait
2021-03-06 08:33:19,044 >>> wait
2021-03-06 08:33:20,030 >>> Not SD printing
2021-03-06 08:33:20,030 >>> Not SD printing
2021-03-06 08:33:20,051 >>> wait
2021-03-06 08:33:20,051 >>> wait
